0 info it worked if it ends with ok
1 verbose cli [ '/usr/local/bin/node',
1 verbose cli   '/usr/local/bin/npm',
1 verbose cli   'install',
1 verbose cli   'child_process' ]
2 info using npm@2.15.0
3 info using node@v4.4.2
4 verbose install initial load of /Applications/XAMPP/xamppfiles/htdocs/sms/js/package.json
5 verbose installManyTop reading scoped package data from /Applications/XAMPP/xamppfiles/htdocs/sms/js/node_modules/nodejs-websocket/package.json
6 verbose installManyTop reading scoped package data from /Applications/XAMPP/xamppfiles/htdocs/sms/js/node_modules/ws/package.json
7 verbose installManyTop reading scoped package data from /Applications/XAMPP/xamppfiles/htdocs/sms/js/node_modules/xmlhttprequest/package.json
8 verbose readDependencies loading dependencies from /Applications/XAMPP/xamppfiles/htdocs/sms/js/package.json
9 silly cache add args [ 'child_process', null ]
10 verbose cache add spec child_process
11 silly cache add parsed spec Result {
11 silly cache add   raw: 'child_process',
11 silly cache add   scope: null,
11 silly cache add   name: 'child_process',
11 silly cache add   rawSpec: '',
11 silly cache add   spec: 'latest',
11 silly cache add   type: 'tag' }
12 silly addNamed child_process@latest
13 verbose addNamed "latest" is being treated as a dist-tag for child_process
14 info addNameTag [ 'child_process', 'latest' ]
15 silly mapToRegistry name child_process
16 silly mapToRegistry using default registry
17 silly mapToRegistry registry https://registry.npmjs.org/
18 silly mapToRegistry data Result {
18 silly mapToRegistry   raw: 'child_process',
18 silly mapToRegistry   scope: null,
18 silly mapToRegistry   name: 'child_process',
18 silly mapToRegistry   rawSpec: '',
18 silly mapToRegistry   spec: 'latest',
18 silly mapToRegistry   type: 'tag' }
19 silly mapToRegistry uri https://registry.npmjs.org/child_process
20 verbose addNameTag registry:https://registry.npmjs.org/child_process not in flight; fetching
21 verbose request uri https://registry.npmjs.org/child_process
22 verbose request no auth needed
23 info attempt registry request try #1 at 16:17:04
24 verbose request id 4207aff7590ce7b9
25 http request GET https://registry.npmjs.org/child_process
26 http 404 https://registry.npmjs.org/child_process
27 verbose headers { 'content-type': 'application/json',
27 verbose headers   'cache-control': 'max-age=0',
27 verbose headers   'content-length': '2',
27 verbose headers   'accept-ranges': 'bytes',
27 verbose headers   date: 'Sat, 02 Jul 2016 14:17:00 GMT',
27 verbose headers   via: '1.1 varnish',
27 verbose headers   age: '0',
27 verbose headers   connection: 'keep-alive',
27 verbose headers   'x-served-by': 'cache-lhr6337-LHR',
27 verbose headers   'x-cache': 'MISS',
27 verbose headers   'x-cache-hits': '0',
27 verbose headers   'x-timer': 'S1467469020.143003,VS0,VE691',
27 verbose headers   vary: 'Accept-Encoding' }
28 silly get cb [ 404,
28 silly get   { 'content-type': 'application/json',
28 silly get     'cache-control': 'max-age=0',
28 silly get     'content-length': '2',
28 silly get     'accept-ranges': 'bytes',
28 silly get     date: 'Sat, 02 Jul 2016 14:17:00 GMT',
28 silly get     via: '1.1 varnish',
28 silly get     age: '0',
28 silly get     connection: 'keep-alive',
28 silly get     'x-served-by': 'cache-lhr6337-LHR',
28 silly get     'x-cache': 'MISS',
28 silly get     'x-cache-hits': '0',
28 silly get     'x-timer': 'S1467469020.143003,VS0,VE691',
28 silly get     vary: 'Accept-Encoding' } ]
29 verbose stack Error: Registry returned 404 for GET on https://registry.npmjs.org/child_process
29 verbose stack     at makeError (/usr/local/lib/node_modules/npm/node_modules/npm-registry-client/lib/request.js:264:12)
29 verbose stack     at CachingRegistryClient.<anonymous> (/usr/local/lib/node_modules/npm/node_modules/npm-registry-client/lib/request.js:242:14)
29 verbose stack     at Request._callback (/usr/local/lib/node_modules/npm/node_modules/npm-registry-client/lib/request.js:172:14)
29 verbose stack     at Request.self.callback (/usr/local/lib/node_modules/npm/node_modules/request/request.js:199:22)
29 verbose stack     at emitTwo (events.js:87:13)
29 verbose stack     at Request.emit (events.js:172:7)
29 verbose stack     at Request.<anonymous> (/usr/local/lib/node_modules/npm/node_modules/request/request.js:1036:10)
29 verbose stack     at emitOne (events.js:82:20)
29 verbose stack     at Request.emit (events.js:169:7)
29 verbose stack     at IncomingMessage.<anonymous> (/usr/local/lib/node_modules/npm/node_modules/request/request.js:963:12)
30 verbose statusCode 404
31 verbose pkgid child_process
32 verbose cwd /Applications/XAMPP/xamppfiles/htdocs/sms/js
33 error Darwin 15.0.0
34 error argv "/usr/local/bin/node" "/usr/local/bin/npm" "install" "child_process"
35 error node v4.4.2
36 error npm  v2.15.0
37 error code E404
38 error 404 Registry returned 404 for GET on https://registry.npmjs.org/child_process
38 error 404
38 error 404 'child_process' is not in the npm registry.
38 error 404 Your package name is not valid, because
38 error 404
38 error 404  1. child_process is a core module name
38 error 404
38 error 404 Note that you can also install from a
38 error 404 tarball, folder, http url, or git url.
39 verbose exit [ 1, true ]
